<?xml version="1.0" encoding="UTF-8"?>
<!-- Generated by org.testng.reporters.JUnitXMLReporter -->
<testsuite ignored="0" hostname="DESKTOP-LFOGSPO" failures="0" tests="5" name="Test" time="2.446" errors="0" timestamp="2022-10-01T18:13:44 SGT">
  <testcase classname="com.sddevops.selenium_maven.eclipse_new.NewTest" name="@BeforeTest beforeTest" time="2.386">
    <failure type="org.openqa.selenium.SessionNotCreatedException" message="session not created: This version of ChromeDriver only supports Chrome version 104
Current browser version is 106.0.5249.91 with binary path C:\Program Files (x86)\Google\Chrome\Application\chrome.exe
Build info: version: &amp;apos;3.141.59&amp;apos;, revision: &amp;apos;e82be7d358&amp;apos;, time: &amp;apos;2018-11-14T08:17:03&amp;apos;
System info: host: &amp;apos;DESKTOP-LFOGSPO&amp;apos;, ip: &amp;apos;172.25.48.1&amp;apos;, os.name: &amp;apos;Windows 11&amp;apos;, os.arch: &amp;apos;amd64&amp;apos;, os.version: &amp;apos;10.0&amp;apos;, java.version: &amp;apos;11.0.16.1&amp;apos;
Driver info: driver.version: ChromeDriver
remote stacktrace: Backtrace:
	Ordinal0 [0x010378B3+2193587]
	Ordinal0 [0x00FD0681+1771137]
	Ordinal0 [0x00EE41A8+803240]
	Ordinal0 [0x00F05CC3+941251]
	Ordinal0 [0x00F013EF+922607]
	Ordinal0 [0x00EFEBC1+912321]
	Ordinal0 [0x00F323B0+1123248]
	Ordinal0 [0x00F3200A+1122314]
	Ordinal0 [0x00F2D5C6+1103302]
	Ordinal0 [0x00F077E0+948192]
	Ordinal0 [0x00F086E6+952038]
	GetHandleVerifier [0x012E0CB2+2738370]
	GetHandleVerifier [0x012D21B8+2678216]
	GetHandleVerifier [0x010C17AA+512954]
	GetHandleVerifier [0x010C0856+509030]
	Ordinal0 [0x00FD743B+1799227]
	Ordinal0 [0x00FDBB68+1817448]
	Ordinal0 [0x00FDBC55+1817685]
	Ordinal0 [0x00FE5230+1856048]
	BaseThreadInitThunk [0x75757BA9+25]
	RtlInitializeExceptionChain [0x770ABB3B+107]
	RtlClearBits [0x770ABABF+191]
">
      <![CDATA[org.openqa.selenium.SessionNotCreatedException: session not created: This version of ChromeDriver only supports Chrome version 104
Current browser version is 106.0.5249.91 with binary path C:\Program Files (x86)\Google\Chrome\Application\chrome.exe
Build info: version: '3.141.59', revision: 'e82be7d358', time: '2018-11-14T08:17:03'
System info: host: 'DESKTOP-LFOGSPO', ip: '172.25.48.1', os.name: 'Windows 11', os.arch: 'amd64', os.version: '10.0', java.version: '11.0.16.1'
Driver info: driver.version: ChromeDriver
remote stacktrace: Backtrace:
Ordinal0 [0x010378B3+2193587]
Ordinal0 [0x00FD0681+1771137]
Ordinal0 [0x00EE41A8+803240]
Ordinal0 [0x00F05CC3+941251]
Ordinal0 [0x00F013EF+922607]
Ordinal0 [0x00EFEBC1+912321]
Ordinal0 [0x00F323B0+1123248]
Ordinal0 [0x00F3200A+1122314]
Ordinal0 [0x00F2D5C6+1103302]
Ordinal0 [0x00F077E0+948192]
Ordinal0 [0x00F086E6+952038]
GetHandleVerifier [0x012E0CB2+2738370]
GetHandleVerifier [0x012D21B8+2678216]
GetHandleVerifier [0x010C17AA+512954]
GetHandleVerifier [0x010C0856+509030]
Ordinal0 [0x00FD743B+1799227]
Ordinal0 [0x00FDBB68+1817448]
Ordinal0 [0x00FDBC55+1817685]
Ordinal0 [0x00FE5230+1856048]
BaseThreadInitThunk [0x75757BA9+25]
RtlInitializeExceptionChain [0x770ABB3B+107]
RtlClearBits [0x770ABABF+191]

at org.openqa.selenium.remote.W3CHandshakeResponse.lambda$errorHandler$0(W3CHandshakeResponse.java:62)
at org.openqa.selenium.remote.HandshakeResponse.lambda$getResponseFunction$0(HandshakeResponse.java:30)
at org.openqa.selenium.remote.ProtocolHandshake.lambda$createSession$0(ProtocolHandshake.java:126)
at java.base/java.util.stream.ReferencePipeline$3$1.accept(ReferencePipeline.java:195)
at java.base/java.util.Spliterators$ArraySpliterator.tryAdvance(Spliterators.java:958)
at java.base/java.util.stream.ReferencePipeline.forEachWithCancel(ReferencePipeline.java:127)
at java.base/java.util.stream.AbstractPipeline.copyIntoWithCancel(AbstractPipeline.java:502)
at java.base/java.util.stream.AbstractPipeline.copyInto(AbstractPipeline.java:488)
at java.base/java.util.stream.AbstractPipeline.wrapAndCopyInto(AbstractPipeline.java:474)
at java.base/java.util.stream.FindOps$FindOp.evaluateSequential(FindOps.java:150)
at java.base/java.util.stream.AbstractPipeline.evaluate(AbstractPipeline.java:234)
at java.base/java.util.stream.ReferencePipeline.findFirst(ReferencePipeline.java:543)
at org.openqa.selenium.remote.ProtocolHandshake.createSession(ProtocolHandshake.java:128)
at org.openqa.selenium.remote.ProtocolHandshake.createSession(ProtocolHandshake.java:74)
at org.openqa.selenium.remote.HttpCommandExecutor.execute(HttpCommandExecutor.java:136)
at org.openqa.selenium.remote.service.DriverCommandExecutor.execute(DriverCommandExecutor.java:83)
at org.openqa.selenium.remote.RemoteWebDriver.execute(RemoteWebDriver.java:552)
at org.openqa.selenium.remote.RemoteWebDriver.startSession(RemoteWebDriver.java:213)
at org.openqa.selenium.remote.RemoteWebDriver.<init>(RemoteWebDriver.java:131)
at org.openqa.selenium.chrome.ChromeDriver.<init>(ChromeDriver.java:181)
at org.openqa.selenium.chrome.ChromeDriver.<init>(ChromeDriver.java:168)
at org.openqa.selenium.chrome.ChromeDriver.<init>(ChromeDriver.java:123)
at com.sddevops.selenium_maven.eclipse_new.NewTest.beforeTest(NewTest.java:90)
... Removed 28 stack frames]]>
    </failure>
  </testcase> <!-- @BeforeTest beforeTest -->
  <testcase classname="com.sddevops.selenium_maven.eclipse_new.NewTest" name="@AfterTest afterTest" time="-1.664619224381E9">
    <skipped/>
  </testcase> <!-- @AfterTest afterTest -->
  <testcase classname="com.sddevops.selenium_maven.eclipse_new.NewTest" name="checkTitle" time="0.0">
    <skipped/>
  </testcase> <!-- checkTitle -->
  <testcase classname="com.sddevops.selenium_maven.eclipse_new.NewTest" name="findByCssSelector" time="0.0">
    <skipped/>
  </testcase> <!-- findByCssSelector -->
  <testcase classname="com.sddevops.selenium_maven.eclipse_new.NewTest" name="findById" time="0.0">
    <skipped/>
  </testcase> <!-- findById -->
  <testcase classname="com.sddevops.selenium_maven.eclipse_new.NewTest" name="findByName" time="0.0">
    <skipped/>
  </testcase> <!-- findByName -->
  <testcase classname="com.sddevops.selenium_maven.eclipse_new.NewTest" name="testHomeSearch" time="0.0">
    <skipped/>
  </testcase> <!-- testHomeSearch -->
</testsuite> <!-- Test -->
