<?xml version="1.0" encoding="UTF-8"?>
<testng-results ignored="4" total="5" passed="0" failed="0" skipped="1">
  <reporter-output>
  </reporter-output>
  <suite started-at="2022-10-01T19:12:02 SGT" name="Default suite" finished-at="2022-10-01T19:12:05 SGT" duration-ms="2957">
    <groups>
    </groups>
    <test started-at="2022-10-01T19:12:02 SGT" name="Default test" finished-at="2022-10-01T19:12:05 SGT" duration-ms="2957">
      <class name="com.sddevops.selenium_maven.eclipse_new.NewTest">
        <test-method is-config="true" signature="beforeTest()[pri:0, instance:com.sddevops.selenium_maven.eclipse_new.NewTest@186f8716]" started-at="2022-10-01T19:12:02 SGT" name="beforeTest" finished-at="2022-10-01T19:12:05 SGT" duration-ms="2902" status="FAIL">
          <exception class="org.openqa.selenium.SessionNotCreatedException">
            <message>
              <![CDATA[session not created: This version of ChromeDriver only supports Chrome version 104
Current browser version is 106.0.5249.91 with binary path C:\Program Files (x86)\Google\Chrome\Application\chrome.exe
Build info: version: '3.141.59', revision: 'e82be7d358', time: '2018-11-14T08:17:03'
System info: host: 'DESKTOP-LFOGSPO', ip: '172.25.48.1', os.name: 'Windows 11', os.arch: 'amd64', os.version: '10.0', java.version: '11.0.16.1'
Driver info: driver.version: ChromeDriver
remote stacktrace: Backtrace:
Ordinal0 [0x010378B3+2193587]
Ordinal0 [0x00FD0681+1771137]
Ordinal0 [0x00EE41A8+803240]
Ordinal0 [0x00F05CC3+941251]
Ordinal0 [0x00F013EF+922607]
Ordinal0 [0x00EFEBC1+912321]
Ordinal0 [0x00F323B0+1123248]
Ordinal0 [0x00F3200A+1122314]
Ordinal0 [0x00F2D5C6+1103302]
Ordinal0 [0x00F077E0+948192]
Ordinal0 [0x00F086E6+952038]
GetHandleVerifier [0x012E0CB2+2738370]
GetHandleVerifier [0x012D21B8+2678216]
GetHandleVerifier [0x010C17AA+512954]
GetHandleVerifier [0x010C0856+509030]
Ordinal0 [0x00FD743B+1799227]
Ordinal0 [0x00FDBB68+1817448]
Ordinal0 [0x00FDBC55+1817685]
Ordinal0 [0x00FE5230+1856048]
BaseThreadInitThunk [0x75757BA9+25]
RtlInitializeExceptionChain [0x770ABB3B+107]
RtlClearBits [0x770ABABF+191]
]]>
            </message>
            <full-stacktrace>
              <![CDATA[org.openqa.selenium.SessionNotCreatedException: session not created: This version of ChromeDriver only supports Chrome version 104
Current browser version is 106.0.5249.91 with binary path C:\Program Files (x86)\Google\Chrome\Application\chrome.exe
Build info: version: '3.141.59', revision: 'e82be7d358', time: '2018-11-14T08:17:03'
System info: host: 'DESKTOP-LFOGSPO', ip: '172.25.48.1', os.name: 'Windows 11', os.arch: 'amd64', os.version: '10.0', java.version: '11.0.16.1'
Driver info: driver.version: ChromeDriver
remote stacktrace: Backtrace:
Ordinal0 [0x010378B3+2193587]
Ordinal0 [0x00FD0681+1771137]
Ordinal0 [0x00EE41A8+803240]
Ordinal0 [0x00F05CC3+941251]
Ordinal0 [0x00F013EF+922607]
Ordinal0 [0x00EFEBC1+912321]
Ordinal0 [0x00F323B0+1123248]
Ordinal0 [0x00F3200A+1122314]
Ordinal0 [0x00F2D5C6+1103302]
Ordinal0 [0x00F077E0+948192]
Ordinal0 [0x00F086E6+952038]
GetHandleVerifier [0x012E0CB2+2738370]
GetHandleVerifier [0x012D21B8+2678216]
GetHandleVerifier [0x010C17AA+512954]
GetHandleVerifier [0x010C0856+509030]
Ordinal0 [0x00FD743B+1799227]
Ordinal0 [0x00FDBB68+1817448]
Ordinal0 [0x00FDBC55+1817685]
Ordinal0 [0x00FE5230+1856048]
BaseThreadInitThunk [0x75757BA9+25]
RtlInitializeExceptionChain [0x770ABB3B+107]
RtlClearBits [0x770ABABF+191]

at java.base/jdk.internal.reflect.NativeConstructorAccessorImpl.newInstance0(Native Method)
at java.base/jdk.internal.reflect.NativeConstructorAccessorImpl.newInstance(NativeConstructorAccessorImpl.java:62)
at java.base/jdk.internal.reflect.DelegatingConstructorAccessorImpl.newInstance(DelegatingConstructorAccessorImpl.java:45)
at java.base/java.lang.reflect.Constructor.newInstance(Constructor.java:490)
at org.openqa.selenium.remote.W3CHandshakeResponse.lambda$errorHandler$0(W3CHandshakeResponse.java:62)
at org.openqa.selenium.remote.HandshakeResponse.lambda$getResponseFunction$0(HandshakeResponse.java:30)
at org.openqa.selenium.remote.ProtocolHandshake.lambda$createSession$0(ProtocolHandshake.java:126)
at java.base/java.util.stream.ReferencePipeline$3$1.accept(ReferencePipeline.java:195)
at java.base/java.util.Spliterators$ArraySpliterator.tryAdvance(Spliterators.java:958)
at java.base/java.util.stream.ReferencePipeline.forEachWithCancel(ReferencePipeline.java:127)
at java.base/java.util.stream.AbstractPipeline.copyIntoWithCancel(AbstractPipeline.java:502)
at java.base/java.util.stream.AbstractPipeline.copyInto(AbstractPipeline.java:488)
at java.base/java.util.stream.AbstractPipeline.wrapAndCopyInto(AbstractPipeline.java:474)
at java.base/java.util.stream.FindOps$FindOp.evaluateSequential(FindOps.java:150)
at java.base/java.util.stream.AbstractPipeline.evaluate(AbstractPipeline.java:234)
at java.base/java.util.stream.ReferencePipeline.findFirst(ReferencePipeline.java:543)
at org.openqa.selenium.remote.ProtocolHandshake.createSession(ProtocolHandshake.java:128)
at org.openqa.selenium.remote.ProtocolHandshake.createSession(ProtocolHandshake.java:74)
at org.openqa.selenium.remote.HttpCommandExecutor.execute(HttpCommandExecutor.java:136)
at org.openqa.selenium.remote.service.DriverCommandExecutor.execute(DriverCommandExecutor.java:83)
at org.openqa.selenium.remote.RemoteWebDriver.execute(RemoteWebDriver.java:552)
at org.openqa.selenium.remote.RemoteWebDriver.startSession(RemoteWebDriver.java:213)
at org.openqa.selenium.remote.RemoteWebDriver.<init>(RemoteWebDriver.java:131)
at org.openqa.selenium.chrome.ChromeDriver.<init>(ChromeDriver.java:181)
at org.openqa.selenium.chrome.ChromeDriver.<init>(ChromeDriver.java:168)
at org.openqa.selenium.chrome.ChromeDriver.<init>(ChromeDriver.java:123)
at com.sddevops.selenium_maven.eclipse_new.NewTest.beforeTest(NewTest.java:90)
at java.base/jdk.internal.reflect.NativeMethodAccessorImpl.invoke0(Native Method)
at java.base/jdk.internal.reflect.NativeMethodAccessorImpl.invoke(NativeMethodAccessorImpl.java:62)
at java.base/jdk.internal.reflect.DelegatingMethodAccessorImpl.invoke(DelegatingMethodAccessorImpl.java:43)
at java.base/java.lang.reflect.Method.invoke(Method.java:566)
at org.testng.internal.MethodInvocationHelper.invokeMethod(MethodInvocationHelper.java:133)
at org.testng.internal.MethodInvocationHelper.invokeMethodConsideringTimeout(MethodInvocationHelper.java:62)
at org.testng.internal.ConfigInvoker.invokeConfigurationMethod(ConfigInvoker.java:340)
at org.testng.internal.ConfigInvoker.invokeConfigurations(ConfigInvoker.java:294)
at org.testng.TestRunner.invokeTestConfigurations(TestRunner.java:623)
at org.testng.TestRunner.beforeRun(TestRunner.java:613)
at org.testng.TestRunner.run(TestRunner.java:584)
at org.testng.SuiteRunner.runTest(SuiteRunner.java:402)
at org.testng.SuiteRunner.runSequentially(SuiteRunner.java:396)
at org.testng.SuiteRunner.privateRun(SuiteRunner.java:355)
at org.testng.SuiteRunner.run(SuiteRunner.java:304)
at org.testng.SuiteRunnerWorker.runSuite(SuiteRunnerWorker.java:53)
at org.testng.SuiteRunnerWorker.run(SuiteRunnerWorker.java:96)
at org.testng.TestNG.runSuitesSequentially(TestNG.java:1180)
at org.testng.TestNG.runSuitesLocally(TestNG.java:1102)
at org.testng.TestNG.runSuites(TestNG.java:1032)
at org.testng.TestNG.run(TestNG.java:1000)
at org.testng.remote.AbstractRemoteTestNG.run(AbstractRemoteTestNG.java:115)
at org.testng.remote.RemoteTestNG.initAndRun(RemoteTestNG.java:251)
at org.testng.remote.RemoteTestNG.main(RemoteTestNG.java:77)
]]>
            </full-stacktrace>
          </exception> <!-- org.openqa.selenium.SessionNotCreatedException -->
          <reporter-output>
          </reporter-output>
        </test-method> <!-- beforeTest -->
        <test-method signature="checkTitle()[pri:0, instance:com.sddevops.selenium_maven.eclipse_new.NewTest@186f8716]" started-at="2022-10-01T19:12:05 SGT" name="checkTitle" finished-at="2022-10-01T19:12:05 SGT" duration-ms="0" status="SKIP">
          <exception class="org.openqa.selenium.SessionNotCreatedException">
            <message>
              <![CDATA[session not created: This version of ChromeDriver only supports Chrome version 104
Current browser version is 106.0.5249.91 with binary path C:\Program Files (x86)\Google\Chrome\Application\chrome.exe
Build info: version: '3.141.59', revision: 'e82be7d358', time: '2018-11-14T08:17:03'
System info: host: 'DESKTOP-LFOGSPO', ip: '172.25.48.1', os.name: 'Windows 11', os.arch: 'amd64', os.version: '10.0', java.version: '11.0.16.1'
Driver info: driver.version: ChromeDriver
remote stacktrace: Backtrace:
Ordinal0 [0x010378B3+2193587]
Ordinal0 [0x00FD0681+1771137]
Ordinal0 [0x00EE41A8+803240]
Ordinal0 [0x00F05CC3+941251]
Ordinal0 [0x00F013EF+922607]
Ordinal0 [0x00EFEBC1+912321]
Ordinal0 [0x00F323B0+1123248]
Ordinal0 [0x00F3200A+1122314]
Ordinal0 [0x00F2D5C6+1103302]
Ordinal0 [0x00F077E0+948192]
Ordinal0 [0x00F086E6+952038]
GetHandleVerifier [0x012E0CB2+2738370]
GetHandleVerifier [0x012D21B8+2678216]
GetHandleVerifier [0x010C17AA+512954]
GetHandleVerifier [0x010C0856+509030]
Ordinal0 [0x00FD743B+1799227]
Ordinal0 [0x00FDBB68+1817448]
Ordinal0 [0x00FDBC55+1817685]
Ordinal0 [0x00FE5230+1856048]
BaseThreadInitThunk [0x75757BA9+25]
RtlInitializeExceptionChain [0x770ABB3B+107]
RtlClearBits [0x770ABABF+191]
]]>
            </message>
            <full-stacktrace>
              <![CDATA[org.openqa.selenium.SessionNotCreatedException: session not created: This version of ChromeDriver only supports Chrome version 104
Current browser version is 106.0.5249.91 with binary path C:\Program Files (x86)\Google\Chrome\Application\chrome.exe
Build info: version: '3.141.59', revision: 'e82be7d358', time: '2018-11-14T08:17:03'
System info: host: 'DESKTOP-LFOGSPO', ip: '172.25.48.1', os.name: 'Windows 11', os.arch: 'amd64', os.version: '10.0', java.version: '11.0.16.1'
Driver info: driver.version: ChromeDriver
remote stacktrace: Backtrace:
Ordinal0 [0x010378B3+2193587]
Ordinal0 [0x00FD0681+1771137]
Ordinal0 [0x00EE41A8+803240]
Ordinal0 [0x00F05CC3+941251]
Ordinal0 [0x00F013EF+922607]
Ordinal0 [0x00EFEBC1+912321]
Ordinal0 [0x00F323B0+1123248]
Ordinal0 [0x00F3200A+1122314]
Ordinal0 [0x00F2D5C6+1103302]
Ordinal0 [0x00F077E0+948192]
Ordinal0 [0x00F086E6+952038]
GetHandleVerifier [0x012E0CB2+2738370]
GetHandleVerifier [0x012D21B8+2678216]
GetHandleVerifier [0x010C17AA+512954]
GetHandleVerifier [0x010C0856+509030]
Ordinal0 [0x00FD743B+1799227]
Ordinal0 [0x00FDBB68+1817448]
Ordinal0 [0x00FDBC55+1817685]
Ordinal0 [0x00FE5230+1856048]
BaseThreadInitThunk [0x75757BA9+25]
RtlInitializeExceptionChain [0x770ABB3B+107]
RtlClearBits [0x770ABABF+191]

at java.base/jdk.internal.reflect.NativeConstructorAccessorImpl.newInstance0(Native Method)
at java.base/jdk.internal.reflect.NativeConstructorAccessorImpl.newInstance(NativeConstructorAccessorImpl.java:62)
at java.base/jdk.internal.reflect.DelegatingConstructorAccessorImpl.newInstance(DelegatingConstructorAccessorImpl.java:45)
at java.base/java.lang.reflect.Constructor.newInstance(Constructor.java:490)
at org.openqa.selenium.remote.W3CHandshakeResponse.lambda$errorHandler$0(W3CHandshakeResponse.java:62)
at org.openqa.selenium.remote.HandshakeResponse.lambda$getResponseFunction$0(HandshakeResponse.java:30)
at org.openqa.selenium.remote.ProtocolHandshake.lambda$createSession$0(ProtocolHandshake.java:126)
at java.base/java.util.stream.ReferencePipeline$3$1.accept(ReferencePipeline.java:195)
at java.base/java.util.Spliterators$ArraySpliterator.tryAdvance(Spliterators.java:958)
at java.base/java.util.stream.ReferencePipeline.forEachWithCancel(ReferencePipeline.java:127)
at java.base/java.util.stream.AbstractPipeline.copyIntoWithCancel(AbstractPipeline.java:502)
at java.base/java.util.stream.AbstractPipeline.copyInto(AbstractPipeline.java:488)
at java.base/java.util.stream.AbstractPipeline.wrapAndCopyInto(AbstractPipeline.java:474)
at java.base/java.util.stream.FindOps$FindOp.evaluateSequential(FindOps.java:150)
at java.base/java.util.stream.AbstractPipeline.evaluate(AbstractPipeline.java:234)
at java.base/java.util.stream.ReferencePipeline.findFirst(ReferencePipeline.java:543)
at org.openqa.selenium.remote.ProtocolHandshake.createSession(ProtocolHandshake.java:128)
at org.openqa.selenium.remote.ProtocolHandshake.createSession(ProtocolHandshake.java:74)
at org.openqa.selenium.remote.HttpCommandExecutor.execute(HttpCommandExecutor.java:136)
at org.openqa.selenium.remote.service.DriverCommandExecutor.execute(DriverCommandExecutor.java:83)
at org.openqa.selenium.remote.RemoteWebDriver.execute(RemoteWebDriver.java:552)
at org.openqa.selenium.remote.RemoteWebDriver.startSession(RemoteWebDriver.java:213)
at org.openqa.selenium.remote.RemoteWebDriver.<init>(RemoteWebDriver.java:131)
at org.openqa.selenium.chrome.ChromeDriver.<init>(ChromeDriver.java:181)
at org.openqa.selenium.chrome.ChromeDriver.<init>(ChromeDriver.java:168)
at org.openqa.selenium.chrome.ChromeDriver.<init>(ChromeDriver.java:123)
at com.sddevops.selenium_maven.eclipse_new.NewTest.beforeTest(NewTest.java:90)
at java.base/jdk.internal.reflect.NativeMethodAccessorImpl.invoke0(Native Method)
at java.base/jdk.internal.reflect.NativeMethodAccessorImpl.invoke(NativeMethodAccessorImpl.java:62)
at java.base/jdk.internal.reflect.DelegatingMethodAccessorImpl.invoke(DelegatingMethodAccessorImpl.java:43)
at java.base/java.lang.reflect.Method.invoke(Method.java:566)
at org.testng.internal.MethodInvocationHelper.invokeMethod(MethodInvocationHelper.java:133)
at org.testng.internal.MethodInvocationHelper.invokeMethodConsideringTimeout(MethodInvocationHelper.java:62)
at org.testng.internal.ConfigInvoker.invokeConfigurationMethod(ConfigInvoker.java:340)
at org.testng.internal.ConfigInvoker.invokeConfigurations(ConfigInvoker.java:294)
at org.testng.TestRunner.invokeTestConfigurations(TestRunner.java:623)
at org.testng.TestRunner.beforeRun(TestRunner.java:613)
at org.testng.TestRunner.run(TestRunner.java:584)
at org.testng.SuiteRunner.runTest(SuiteRunner.java:402)
at org.testng.SuiteRunner.runSequentially(SuiteRunner.java:396)
at org.testng.SuiteRunner.privateRun(SuiteRunner.java:355)
at org.testng.SuiteRunner.run(SuiteRunner.java:304)
at org.testng.SuiteRunnerWorker.runSuite(SuiteRunnerWorker.java:53)
at org.testng.SuiteRunnerWorker.run(SuiteRunnerWorker.java:96)
at org.testng.TestNG.runSuitesSequentially(TestNG.java:1180)
at org.testng.TestNG.runSuitesLocally(TestNG.java:1102)
at org.testng.TestNG.runSuites(TestNG.java:1032)
at org.testng.TestNG.run(TestNG.java:1000)
at org.testng.remote.AbstractRemoteTestNG.run(AbstractRemoteTestNG.java:115)
at org.testng.remote.RemoteTestNG.initAndRun(RemoteTestNG.java:251)
at org.testng.remote.RemoteTestNG.main(RemoteTestNG.java:77)
]]>
            </full-stacktrace>
          </exception> <!-- org.openqa.selenium.SessionNotCreatedException -->
          <reporter-output>
          </reporter-output>
        </test-method> <!-- checkTitle -->
        <test-method is-config="true" signature="afterTest()[pri:0, instance:com.sddevops.selenium_maven.eclipse_new.NewTest@186f8716]" started-at="2022-10-01T19:12:05 SGT" name="afterTest" finished-at="1970-01-01T07:30:00 SGT" duration-ms="-1664622725304" status="SKIP">
          <reporter-output>
          </reporter-output>
        </test-method> <!-- afterTest -->
      </class> <!-- com.sddevops.selenium_maven.eclipse_new.NewTest -->
    </test> <!-- Default test -->
  </suite> <!-- Default suite -->
</testng-results>
